ShypzCustomLogger 07/13/2017 02:22:57 PM INFO otp_controller.py otp_controller index 32 Received request for index
ShypzCustomLogger 07/13/2017 02:22:57 PM INFO otp_controller.py otp_controller index 39 username is null setting to guest
ShypzCustomLogger 07/13/2017 02:23:18 PM INFO otp_controller.py otp_controller signup 45 Received request for signup
ShypzCustomLogger 07/14/2017 12:07:29 PM INFO otp_controller.py otp_controller index 33 Received request for index
ShypzCustomLogger 07/14/2017 12:07:29 PM INFO otp_controller.py otp_controller index 40 username is null setting to guest
ShypzCustomLogger 07/14/2017 02:36:06 PM INFO otp_controller.py otp_controller index 32 Received request for index
ShypzCustomLogger 07/14/2017 02:36:06 PM INFO otp_controller.py otp_controller index 39 username is null setting to guest
ShypzCustomLogger 07/14/2017 02:37:42 PM INFO otp_controller.py otp_controller index 32 Received request for index
ShypzCustomLogger 07/14/2017 02:37:42 PM INFO otp_controller.py otp_controller index 39 username is null setting to guest
ShypzCustomLogger 07/14/2017 02:38:44 PM INFO otp_controller.py otp_controller index 30 Received request for index
ShypzCustomLogger 07/14/2017 02:38:44 PM INFO otp_controller.py otp_controller index 37 username is null setting to guest
ShypzCustomLogger 07/14/2017 02:39:01 PM INFO otp_controller.py otp_controller index 30 Received request for index
ShypzCustomLogger 07/14/2017 02:39:01 PM INFO otp_controller.py otp_controller index 37 username is null setting to guest
ShypzCustomLogger 07/14/2017 02:40:46 PM INFO otp_controller.py otp_controller index 30 Received request for index
ShypzCustomLogger 07/14/2017 02:40:46 PM INFO otp_controller.py otp_controller index 37 username is null setting to guest
ShypzCustomLogger 07/14/2017 02:41:07 PM INFO otp_controller.py otp_controller index 31 Received request for index
ShypzCustomLogger 07/14/2017 02:41:07 PM INFO otp_controller.py otp_controller index 38 username is null setting to guest
ShypzCustomLogger 07/14/2017 02:56:31 PM INFO otp_controller.py otp_controller index 31 Received request for index
ShypzCustomLogger 07/14/2017 02:56:31 PM INFO otp_controller.py otp_controller index 38 username is null setting to guest
ShypzCustomLogger 07/14/2017 02:57:06 PM INFO otp_controller.py otp_controller index 32 Received request for index
ShypzCustomLogger 07/14/2017 02:57:06 PM INFO otp_controller.py otp_controller index 39 username is null setting to guest
ShypzCustomLogger 07/14/2017 02:57:42 PM INFO otp_controller.py otp_controller index 32 Received request for index
ShypzCustomLogger 07/14/2017 02:57:42 PM INFO otp_controller.py otp_controller index 39 username is null setting to guest
ShypzCustomLogger 07/14/2017 03:02:27 PM INFO otp_controller.py otp_controller index 33 Received request for index
ShypzCustomLogger 07/14/2017 03:02:27 PM INFO otp_controller.py otp_controller index 40 username is null setting to guest
ShypzCustomLogger 07/14/2017 03:04:43 PM INFO otp_controller.py otp_controller index 33 Received request for index
ShypzCustomLogger 07/14/2017 03:04:43 PM INFO otp_controller.py otp_controller index 40 username is null setting to guest
ShypzCustomLogger 07/14/2017 03:05:16 PM INFO otp_controller.py otp_controller index 33 Received request for index
ShypzCustomLogger 07/14/2017 03:05:16 PM INFO otp_controller.py otp_controller index 40 username is null setting to guest
ShypzCustomLogger 07/14/2017 03:06:25 PM INFO otp_controller.py otp_controller index 33 Received request for index
ShypzCustomLogger 07/14/2017 03:06:25 PM INFO otp_controller.py otp_controller index 40 username is null setting to guest
ShypzCustomLogger 07/14/2017 03:06:45 PM INFO otp_controller.py otp_controller index 33 Received request for index
ShypzCustomLogger 07/14/2017 03:06:45 PM INFO otp_controller.py otp_controller index 40 username is null setting to guest
ShypzCustomLogger 07/14/2017 03:08:03 PM INFO otp_controller.py otp_controller index 33 Received request for index
ShypzCustomLogger 07/14/2017 03:08:03 PM INFO otp_controller.py otp_controller index 40 username is null setting to guest
ShypzCustomLogger 07/14/2017 03:11:10 PM INFO otp_controller.py otp_controller index 35 Received request for index
ShypzCustomLogger 07/14/2017 03:11:10 PM INFO otp_controller.py otp_controller index 42 username is null setting to guest
ShypzCustomLogger 07/14/2017 03:12:04 PM INFO otp_controller.py otp_controller index 35 Received request for index
ShypzCustomLogger 07/14/2017 03:12:04 PM INFO otp_controller.py otp_controller index 42 username is null setting to guest
ShypzCustomLogger 07/14/2017 03:13:45 PM INFO otp_controller.py otp_controller index 38 Received request for index
ShypzCustomLogger 07/14/2017 03:13:45 PM INFO otp_controller.py otp_controller index 45 username is null setting to guest
ShypzCustomLogger 07/15/2017 02:03:53 PM INFO otp_controller.py otp_controller index 41 Received request for index
ShypzCustomLogger 07/15/2017 02:03:53 PM INFO otp_controller.py otp_controller index 48 username is null setting to guest
ShypzCustomLogger 07/15/2017 02:04:21 PM INFO otp_controller.py otp_controller index 41 Received request for index
ShypzCustomLogger 07/15/2017 02:04:21 PM INFO otp_controller.py otp_controller index 48 username is null setting to guest
ShypzCustomLogger 07/15/2017 02:04:26 PM INFO otp_controller.py otp_controller signup 57 Received request for signup
ShypzCustomLogger 07/15/2017 02:09:51 PM INFO otp_controller.py otp_controller index 41 Received request for index
ShypzCustomLogger 07/15/2017 02:09:51 PM INFO otp_controller.py otp_controller index 48 username is null setting to guest
ShypzCustomLogger 07/15/2017 02:09:56 PM INFO otp_controller.py otp_controller signup 57 Received request for signup
ShypzCustomLogger 07/15/2017 02:11:17 PM INFO otp_controller.py otp_controller index 41 Received request for index
ShypzCustomLogger 07/15/2017 02:11:17 PM INFO otp_controller.py otp_controller index 48 username is null setting to guest
ShypzCustomLogger 07/15/2017 02:11:19 PM INFO otp_controller.py otp_controller signup 57 Received request for signup
ShypzCustomLogger 07/15/2017 02:13:06 PM INFO otp_controller.py otp_controller index 41 Received request for index
ShypzCustomLogger 07/15/2017 02:13:06 PM INFO otp_controller.py otp_controller index 48 username is null setting to guest
ShypzCustomLogger 07/15/2017 02:13:08 PM INFO otp_controller.py otp_controller signup 57 Received request for signup
ShypzCustomLogger 07/15/2017 02:14:34 PM INFO otp_controller.py otp_controller index 41 Received request for index
ShypzCustomLogger 07/15/2017 02:20:07 PM INFO otp_controller.py otp_controller index 41 Received request for index
ShypzCustomLogger 07/15/2017 02:20:07 PM INFO otp_controller.py otp_controller index 48 username is null setting to guest
ShypzCustomLogger 07/15/2017 02:20:10 PM INFO otp_controller.py otp_controller signup 57 Received request for signup
ShypzCustomLogger 07/15/2017 02:20:55 PM INFO otp_controller.py otp_controller index 41 Received request for index
ShypzCustomLogger 07/15/2017 02:24:38 PM INFO otp_controller.py otp_controller index 41 Received request for index
ShypzCustomLogger 07/16/2017 01:16:36 AM INFO otp_controller.py otp_controller index 41 Received request for index
ShypzCustomLogger 07/16/2017 01:16:38 AM INFO otp_controller.py otp_controller index 41 Received request for index
ShypzCustomLogger 07/16/2017 01:16:38 AM INFO otp_controller.py otp_controller index 48 username is null setting to guest
ShypzCustomLogger 07/16/2017 01:19:24 AM INFO otp_controller.py otp_controller index 41 Received request for index
ShypzCustomLogger 07/16/2017 01:19:24 AM INFO otp_controller.py otp_controller index 48 username is null setting to guest
ShypzCustomLogger 07/16/2017 01:19:26 AM INFO otp_controller.py otp_controller signup 57 Received request for signup
ShypzCustomLogger 07/16/2017 01:20:53 AM INFO otp_controller.py otp_controller index 41 Received request for index
ShypzCustomLogger 07/16/2017 01:20:53 AM INFO otp_controller.py otp_controller index 48 username is null setting to guest
ShypzCustomLogger 07/16/2017 01:20:54 AM INFO otp_controller.py otp_controller signup 57 Received request for signup
ShypzCustomLogger 07/16/2017 01:26:33 AM INFO otp_controller.py otp_controller index 42 Received request for index
ShypzCustomLogger 07/16/2017 01:26:50 AM INFO otp_controller.py otp_controller index 42 Received request for index
ShypzCustomLogger 07/16/2017 01:26:50 AM INFO otp_controller.py otp_controller index 49 username is null setting to guest
ShypzCustomLogger 07/16/2017 01:26:51 AM INFO otp_controller.py otp_controller signup 58 Received request for signup
ShypzCustomLogger 07/16/2017 01:28:47 AM INFO otp_controller.py otp_controller index 42 Received request for index
ShypzCustomLogger 07/16/2017 01:28:47 AM INFO otp_controller.py otp_controller index 49 username is null setting to guest
ShypzCustomLogger 07/16/2017 01:28:48 AM INFO otp_controller.py otp_controller signup 58 Received request for signup
ShypzCustomLogger 07/16/2017 01:29:39 AM INFO otp_controller.py otp_controller index 42 Received request for index
ShypzCustomLogger 07/16/2017 01:29:39 AM INFO otp_controller.py otp_controller index 49 username is null setting to guest
ShypzCustomLogger 07/16/2017 01:29:40 AM INFO otp_controller.py otp_controller signup 58 Received request for signup
ShypzCustomLogger 07/16/2017 01:33:52 AM INFO otp_controller.py otp_controller index 42 Received request for index
ShypzCustomLogger 07/16/2017 01:33:54 AM INFO otp_controller.py otp_controller index 42 Received request for index
ShypzCustomLogger 07/16/2017 01:33:54 AM INFO otp_controller.py otp_controller index 49 username is null setting to guest
ShypzCustomLogger 07/16/2017 01:33:55 AM INFO otp_controller.py otp_controller signup 58 Received request for signup
ShypzCustomLogger 07/16/2017 01:34:39 AM INFO otp_controller.py otp_controller index 42 Received request for index
ShypzCustomLogger 07/16/2017 01:35:07 AM INFO otp_controller.py otp_controller index 42 Received request for index
ShypzCustomLogger 07/16/2017 01:35:07 AM INFO otp_controller.py otp_controller index 49 username is null setting to guest
ShypzCustomLogger 07/16/2017 01:35:09 AM INFO otp_controller.py otp_controller signup 58 Received request for signup
ShypzCustomLogger 07/16/2017 01:36:00 AM INFO otp_controller.py otp_controller index 42 Received request for index
ShypzCustomLogger 07/16/2017 01:36:00 AM INFO otp_controller.py otp_controller index 49 username is null setting to guest
ShypzCustomLogger 07/16/2017 01:36:07 AM INFO otp_controller.py otp_controller index 42 Received request for index
ShypzCustomLogger 07/16/2017 01:36:07 AM INFO otp_controller.py otp_controller index 49 username is null setting to guest
ShypzCustomLogger 07/16/2017 01:38:18 AM INFO otp_controller.py otp_controller index 42 Received request for index
ShypzCustomLogger 07/16/2017 01:38:18 AM INFO otp_controller.py otp_controller index 49 username is null setting to guest
ShypzCustomLogger 07/16/2017 01:38:20 AM INFO otp_controller.py otp_controller signup 58 Received request for signup
ShypzCustomLogger 07/16/2017 01:39:00 AM INFO otp_controller.py otp_controller index 42 Received request for index
ShypzCustomLogger 07/16/2017 01:39:29 AM INFO otp_controller.py otp_controller index 42 Received request for index
ShypzCustomLogger 07/16/2017 01:39:29 AM INFO otp_controller.py otp_controller index 49 username is null setting to guest
ShypzCustomLogger 07/16/2017 01:39:31 AM INFO otp_controller.py otp_controller signup 58 Received request for signup
ShypzCustomLogger 07/16/2017 01:40:21 AM INFO otp_controller.py otp_controller index 42 Received request for index
ShypzCustomLogger 07/16/2017 01:40:21 AM INFO otp_controller.py otp_controller index 49 username is null setting to guest
ShypzCustomLogger 07/16/2017 01:47:03 AM INFO otp_controller.py otp_controller index 42 Received request for index
ShypzCustomLogger 07/16/2017 01:47:03 AM INFO otp_controller.py otp_controller index 49 username is null setting to guest
ShypzCustomLogger 07/16/2017 01:47:08 AM INFO otp_controller.py otp_controller signup 58 Received request for signup
ShypzCustomLogger 07/16/2017 01:53:00 AM INFO otp_controller.py otp_controller index 42 Received request for index
ShypzCustomLogger 07/16/2017 01:53:00 AM INFO otp_controller.py otp_controller index 49 username is null setting to guest
ShypzCustomLogger 07/16/2017 01:53:02 AM INFO otp_controller.py otp_controller signup 58 Received request for signup
ShypzCustomLogger 07/16/2017 02:56:46 AM INFO otp_controller.py otp_controller index 42 Received request for index
ShypzCustomLogger 07/16/2017 02:56:46 AM INFO otp_controller.py otp_controller index 49 username is null setting to guest
ShypzCustomLogger 07/16/2017 02:56:52 AM INFO otp_controller.py otp_controller signup 58 Received request for signup
ShypzCustomLogger 07/16/2017 02:58:40 AM INFO otp_controller.py otp_controller index 42 Received request for index
ShypzCustomLogger 07/16/2017 02:58:42 AM INFO otp_controller.py otp_controller index 42 Received request for index
ShypzCustomLogger 07/16/2017 02:58:42 AM INFO otp_controller.py otp_controller index 49 username is null setting to guest
ShypzCustomLogger 07/16/2017 02:59:37 AM INFO otp_controller.py otp_controller index 42 Received request for index
ShypzCustomLogger 07/16/2017 02:59:37 AM INFO otp_controller.py otp_controller index 49 username is null setting to guest
ShypzCustomLogger 07/16/2017 02:59:39 AM INFO otp_controller.py otp_controller signup 58 Received request for signup
ShypzCustomLogger 07/16/2017 03:00:09 AM INFO otp_controller.py otp_controller index 42 Received request for index
ShypzCustomLogger 07/16/2017 03:00:26 AM INFO otp_controller.py otp_controller index 42 Received request for index
ShypzCustomLogger 07/16/2017 03:00:26 AM INFO otp_controller.py otp_controller index 49 username is null setting to guest
ShypzCustomLogger 07/16/2017 03:01:04 AM INFO otp_controller.py otp_controller index 42 Received request for index
ShypzCustomLogger 07/16/2017 03:01:04 AM INFO otp_controller.py otp_controller index 49 username is null setting to guest
ShypzCustomLogger 07/16/2017 03:15:04 AM INFO otp_controller.py otp_controller index 42 Received request for index
ShypzCustomLogger 07/16/2017 03:15:04 AM INFO otp_controller.py otp_controller index 49 username is null setting to guest
ShypzCustomLogger 07/16/2017 03:15:06 AM INFO otp_controller.py otp_controller signup 58 Received request for signup
ShypzCustomLogger 07/16/2017 03:15:48 AM INFO otp_controller.py otp_controller index 42 Received request for index
ShypzCustomLogger 07/16/2017 03:15:48 AM INFO otp_controller.py otp_controller index 49 username is null setting to guest
ShypzCustomLogger 07/16/2017 03:16:07 AM INFO otp_controller.py otp_controller signup 58 Received request for signup
ShypzCustomLogger 07/16/2017 03:16:12 AM INFO otp_controller.py otp_controller signup 58 Received request for signup
ShypzCustomLogger 07/16/2017 03:16:50 AM INFO otp_controller.py otp_controller index 42 Received request for index
ShypzCustomLogger 07/16/2017 03:16:50 AM INFO otp_controller.py otp_controller index 49 username is null setting to guest
ShypzCustomLogger 07/16/2017 03:16:54 AM INFO otp_controller.py otp_controller signup 58 Received request for signup
ShypzCustomLogger 07/16/2017 03:17:41 AM INFO otp_controller.py otp_controller index 42 Received request for index
ShypzCustomLogger 07/16/2017 03:18:04 AM INFO otp_controller.py otp_controller index 42 Received request for index
ShypzCustomLogger 07/16/2017 03:18:04 AM INFO otp_controller.py otp_controller index 49 username is null setting to guest
ShypzCustomLogger 07/16/2017 03:18:51 AM INFO otp_controller.py otp_controller index 42 Received request for index
ShypzCustomLogger 07/16/2017 03:18:51 AM INFO otp_controller.py otp_controller index 49 username is null setting to guest
ShypzCustomLogger 07/16/2017 03:19:29 AM INFO otp_controller.py otp_controller index 42 Received request for index
ShypzCustomLogger 07/16/2017 03:19:44 AM INFO otp_controller.py otp_controller index 42 Received request for index
ShypzCustomLogger 07/16/2017 03:19:52 AM INFO otp_controller.py otp_controller index 42 Received request for index
ShypzCustomLogger 07/16/2017 03:19:52 AM INFO otp_controller.py otp_controller index 49 username is null setting to guest
ShypzCustomLogger 07/16/2017 03:19:56 AM INFO otp_controller.py otp_controller index 42 Received request for index
ShypzCustomLogger 07/16/2017 03:19:56 AM INFO otp_controller.py otp_controller index 49 username is null setting to guest
ShypzCustomLogger 07/17/2017 09:00:21 AM INFO otp_controller.py otp_controller index 42 Received request for index
ShypzCustomLogger 07/17/2017 09:00:21 AM INFO otp_controller.py otp_controller index 49 username is null setting to guest
ShypzCustomLogger 07/17/2017 09:00:28 AM INFO otp_controller.py otp_controller signup 58 Received request for signup
ShypzCustomLogger 07/21/2017 05:19:46 PM INFO otp_controller.py otp_controller index 42 Received request for index
ShypzCustomLogger 07/21/2017 05:19:46 PM INFO otp_controller.py otp_controller index 49 username is null setting to guest
ShypzCustomLogger 07/21/2017 05:19:57 PM INFO otp_controller.py otp_controller signup 58 Received request for signup
ShypzCustomLogger 07/21/2017 05:20:35 PM INFO otp_controller.py otp_controller index 42 Received request for index
ShypzCustomLogger 07/23/2017 12:09:52 PM INFO otp_controller.py otp_controller index 42 Received request for index
ShypzCustomLogger 07/23/2017 12:58:27 PM INFO otp_controller.py otp_controller index 45 Received request for index
ShypzCustomLogger 07/23/2017 12:58:27 PM INFO otp_controller.py otp_controller index 52 username is null setting to guest
ShypzCustomLogger 07/23/2017 12:58:28 PM INFO otp_controller.py otp_controller signup 61 Received request for signup
ShypzCustomLogger 07/23/2017 01:00:27 PM INFO otp_controller.py otp_controller index 45 Received request for index
ShypzCustomLogger 07/23/2017 01:00:27 PM INFO otp_controller.py otp_controller index 52 username is null setting to guest
ShypzCustomLogger 07/23/2017 01:00:29 PM INFO otp_controller.py otp_controller signup 61 Received request for signup
ShypzCustomLogger 07/23/2017 01:01:15 PM INFO otp_controller.py otp_controller index 45 Received request for index
ShypzCustomLogger 07/23/2017 01:01:15 PM INFO otp_controller.py otp_controller index 52 username is null setting to guest
ShypzCustomLogger 07/23/2017 01:01:25 PM INFO otp_controller.py otp_controller signup 61 Received request for signup
ShypzCustomLogger 07/23/2017 01:18:51 PM INFO otp_controller.py otp_controller index 45 Received request for index
ShypzCustomLogger 07/23/2017 01:18:51 PM INFO otp_controller.py otp_controller index 52 username is null setting to guest
ShypzCustomLogger 07/23/2017 01:18:54 PM INFO otp_controller.py otp_controller index 45 Received request for index
ShypzCustomLogger 07/23/2017 01:18:54 PM INFO otp_controller.py otp_controller index 52 username is null setting to guest
ShypzCustomLogger 07/23/2017 01:18:57 PM INFO otp_controller.py otp_controller signup 61 Received request for signup
ShypzCustomLogger 07/23/2017 01:25:12 PM INFO otp_controller.py otp_controller index 45 Received request for index
ShypzCustomLogger 07/23/2017 01:25:12 PM INFO otp_controller.py otp_controller index 52 username is null setting to guest
ShypzCustomLogger 07/23/2017 01:25:14 PM INFO otp_controller.py otp_controller signup 61 Received request for signup
ShypzCustomLogger 07/23/2017 01:33:47 PM INFO otp_controller.py otp_controller index 45 Received request for index
ShypzCustomLogger 07/23/2017 01:33:47 PM INFO otp_controller.py otp_controller index 52 username is null setting to guest
ShypzCustomLogger 07/23/2017 01:33:49 PM INFO otp_controller.py otp_controller signup 61 Received request for signup
ShypzCustomLogger 07/23/2017 01:34:51 PM INFO otp_controller.py otp_controller index 45 Received request for index
ShypzCustomLogger 07/23/2017 01:34:51 PM INFO otp_controller.py otp_controller index 52 username is null setting to guest
ShypzCustomLogger 07/23/2017 01:34:52 PM INFO otp_controller.py otp_controller signup 61 Received request for signup
ShypzCustomLogger 07/23/2017 01:35:13 PM INFO shypzSender.py shypzSender send_message 25 Sent Message {'mobile': u'9739325635', 'message': u'Welcome Anubhav28 to Shypz your OTP is 672721 '}to Queue shypz_otp
ShypzCustomLogger 07/23/2017 01:38:17 PM INFO otp_controller.py otp_controller index 45 Received request for index
ShypzCustomLogger 07/23/2017 01:38:17 PM INFO otp_controller.py otp_controller index 52 username is null setting to guest
ShypzCustomLogger 07/23/2017 01:44:14 PM INFO otp_controller.py otp_controller index 45 Received request for index
ShypzCustomLogger 07/23/2017 01:44:14 PM INFO otp_controller.py otp_controller index 52 username is null setting to guest
ShypzCustomLogger 07/23/2017 01:44:15 PM INFO otp_controller.py otp_controller signup 61 Received request for signup
ShypzCustomLogger 07/23/2017 01:46:44 PM INFO otp_controller.py otp_controller index 45 Received request for index
ShypzCustomLogger 07/23/2017 01:46:44 PM INFO otp_controller.py otp_controller index 52 username is null setting to guest
ShypzCustomLogger 07/23/2017 01:46:52 PM INFO otp_controller.py otp_controller signup 61 Received request for signup
ShypzCustomLogger 07/23/2017 01:47:15 PM INFO shypzSender.py shypzSender send_message 25 Sent Message {'mobile': u'9739325635', 'message': u'Welcome Anubhav28 to Shypz your OTP is 125887 '}to Queue shypz_otp
ShypzCustomLogger 07/23/2017 01:49:49 PM INFO otp_controller.py otp_controller index 45 Received request for index
ShypzCustomLogger 07/23/2017 01:49:49 PM INFO otp_controller.py otp_controller index 52 username is null setting to guest
ShypzCustomLogger 07/23/2017 01:49:50 PM INFO otp_controller.py otp_controller signup 61 Received request for signup
ShypzCustomLogger 07/23/2017 01:53:41 PM INFO otp_controller.py otp_controller index 45 Received request for index
ShypzCustomLogger 07/23/2017 01:53:41 PM INFO otp_controller.py otp_controller index 52 username is null setting to guest
ShypzCustomLogger 07/23/2017 01:53:43 PM INFO otp_controller.py otp_controller signup 61 Received request for signup
ShypzCustomLogger 07/23/2017 01:54:01 PM INFO shypzSender.py shypzSender send_message 25 Sent Message {'mobile': u'9739325635', 'message': u'Welcome Anubhav28 to Shypz your OTP is 653435 '}to Queue shypz_otp
ShypzCustomLogger 07/23/2017 01:55:49 PM INFO otp_controller.py otp_controller index 45 Received request for index
ShypzCustomLogger 07/23/2017 01:55:49 PM INFO otp_controller.py otp_controller index 52 username is null setting to guest
ShypzCustomLogger 07/23/2017 01:55:51 PM INFO otp_controller.py otp_controller signup 61 Received request for signup
ShypzCustomLogger 07/23/2017 01:56:30 PM INFO otp_controller.py otp_controller index 45 Received request for index
ShypzCustomLogger 07/23/2017 01:56:30 PM INFO otp_controller.py otp_controller index 52 username is null setting to guest
ShypzCustomLogger 07/23/2017 01:56:31 PM INFO otp_controller.py otp_controller signup 61 Received request for signup
ShypzCustomLogger 07/23/2017 01:58:28 PM INFO otp_controller.py otp_controller index 45 Received request for index
ShypzCustomLogger 07/23/2017 01:58:28 PM INFO otp_controller.py otp_controller index 52 username is null setting to guest
ShypzCustomLogger 07/23/2017 01:58:29 PM INFO otp_controller.py otp_controller signup 61 Received request for signup
ShypzCustomLogger 07/23/2017 01:59:43 PM INFO otp_controller.py otp_controller index 45 Received request for index
ShypzCustomLogger 07/23/2017 01:59:43 PM INFO otp_controller.py otp_controller index 52 username is null setting to guest
ShypzCustomLogger 07/23/2017 01:59:45 PM INFO otp_controller.py otp_controller signup 61 Received request for signup
ShypzCustomLogger 07/23/2017 02:00:04 PM INFO shypzSender.py shypzSender send_message 26 Sent Message {'mobile': u'9999999999', 'message': u'Welcome test to Shypz your OTP is 841832 '}to Queue shypz_otp
ShypzCustomLogger 07/23/2017 02:04:20 PM INFO otp_controller.py otp_controller index 45 Received request for index
ShypzCustomLogger 07/23/2017 02:04:22 PM INFO otp_controller.py otp_controller index 45 Received request for index
ShypzCustomLogger 07/23/2017 02:04:22 PM INFO otp_controller.py otp_controller index 52 username is null setting to guest
ShypzCustomLogger 07/23/2017 02:04:23 PM INFO otp_controller.py otp_controller signup 61 Received request for signup
ShypzCustomLogger 07/23/2017 02:04:38 PM INFO shypzSender.py shypzSender send_message 26 Sent Message {'mobile': u'9999999998', 'message': u'Welcome b to Shypz your OTP is 547241 '}to Queue shypz_otp
ShypzCustomLogger 07/23/2017 02:08:02 PM INFO otp_controller.py otp_controller index 45 Received request for index
ShypzCustomLogger 07/23/2017 02:08:02 PM INFO otp_controller.py otp_controller index 52 username is null setting to guest
ShypzCustomLogger 07/23/2017 02:08:03 PM INFO otp_controller.py otp_controller signup 61 Received request for signup
ShypzCustomLogger 07/23/2017 02:08:26 PM INFO shypzSender.py shypzSender send_message 26 Sent Message {'mobile': u'9739325635', 'message': u'Welcome Anubhav28 to Shypz your OTP is 329410 '}to Queue shypz_otp
ShypzCustomLogger 07/23/2017 02:15:42 PM INFO otp_controller.py otp_controller index 45 Received request for index
ShypzCustomLogger 07/23/2017 02:15:42 PM INFO otp_controller.py otp_controller index 52 username is null setting to guest
ShypzCustomLogger 07/23/2017 02:15:51 PM INFO otp_controller.py otp_controller signup 61 Received request for signup
ShypzCustomLogger 07/23/2017 02:16:10 PM INFO shypzSender.py shypzSender send_message 26 Sent Message {'mobile': u'9739325635', 'message': u'Welcome Anubhav28 to Shypz your OTP is 566281 '}to Queue shypz_otp
ShypzCustomLogger 07/23/2017 02:17:09 PM INFO otp_controller.py otp_controller index 45 Received request for index
ShypzCustomLogger 07/23/2017 02:17:09 PM INFO otp_controller.py otp_controller index 52 username is null setting to guest
ShypzCustomLogger 07/23/2017 02:17:10 PM INFO otp_controller.py otp_controller signup 61 Received request for signup
ShypzCustomLogger 07/23/2017 02:17:32 PM INFO shypzSender.py shypzSender send_message 26 Sent Message {'mobile': u'9739325635', 'message': u'Welcome Anubhav28 to Shypz your OTP is 617760 '}to Queue shypz_otp
ShypzCustomLogger 07/23/2017 02:27:49 PM INFO otp_controller.py otp_controller index 45 Received request for index
ShypzCustomLogger 07/23/2017 02:27:49 PM INFO otp_controller.py otp_controller index 52 username is null setting to guest
ShypzCustomLogger 07/23/2017 02:27:50 PM INFO otp_controller.py otp_controller signup 61 Received request for signup
ShypzCustomLogger 07/23/2017 02:28:06 PM INFO shypzSender.py shypzSender send_message 26 Sent Message {'mobile': u'8888888888', 'message': u'Welcome a to Shypz your OTP is 815691 '}to Queue shypz_otp
ShypzCustomLogger 07/23/2017 03:08:50 PM INFO otp_controller.py otp_controller index 45 Received request for index
ShypzCustomLogger 07/23/2017 03:08:51 PM INFO otp_controller.py otp_controller index 45 Received request for index
ShypzCustomLogger 07/23/2017 03:08:51 PM INFO otp_controller.py otp_controller index 52 username is null setting to guest
ShypzCustomLogger 07/23/2017 03:08:53 PM INFO otp_controller.py otp_controller signup 61 Received request for signup
ShypzCustomLogger 07/23/2017 03:09:37 PM INFO shypzSender.py shypzSender send_message 26 Sent Message {'mobile': u'9739325635', 'message': u'Welcome Anubhav28 to Shypz your OTP is 350911 '}to Queue shypz_otp
ShypzCustomLogger 07/23/2017 03:10:33 PM INFO otp_controller.py otp_controller index 45 Received request for index
ShypzCustomLogger 07/23/2017 03:10:33 PM INFO otp_controller.py otp_controller index 52 username is null setting to guest
ShypzCustomLogger 07/23/2017 03:15:07 PM INFO otp_controller.py otp_controller index 45 Received request for index
ShypzCustomLogger 07/23/2017 03:15:07 PM INFO otp_controller.py otp_controller index 52 username is null setting to guest
ShypzCustomLogger 07/23/2017 03:15:09 PM INFO otp_controller.py otp_controller signup 61 Received request for signup
ShypzCustomLogger 07/23/2017 03:15:35 PM INFO shypzSender.py shypzSender send_message 26 Sent Message {'mobile': u'9739325635', 'message': u'Welcome Anubhav28 to Shypz your OTP is 006506 '}to Queue shypz_otp
ShypzCustomLogger 07/23/2017 03:15:57 PM INFO otp_controller.py otp_controller index 45 Received request for index
ShypzCustomLogger 07/23/2017 03:17:30 PM INFO otp_controller.py otp_controller index 45 Received request for index
ShypzCustomLogger 07/23/2017 03:17:30 PM INFO otp_controller.py otp_controller index 52 username is null setting to guest
ShypzCustomLogger 07/23/2017 03:17:58 PM INFO otp_controller.py otp_controller signup 61 Received request for signup
ShypzCustomLogger 07/23/2017 03:18:25 PM INFO shypzSender.py shypzSender send_message 26 Sent Message {'mobile': u'9739325635', 'message': u'Welcome Anubhav28 to Shypz your OTP is 204700 '}to Queue shypz_otp
ShypzCustomLogger 07/23/2017 03:19:05 PM INFO otp_controller.py otp_controller index 45 Received request for index
ShypzCustomLogger 07/24/2017 10:07:02 AM INFO otp_controller.py otp_controller index 45 Received request for index
ShypzCustomLogger 07/24/2017 10:09:01 AM INFO otp_controller.py otp_controller index 45 Received request for index
ShypzCustomLogger 07/24/2017 10:09:01 AM INFO otp_controller.py otp_controller index 52 username is null setting to guest
ShypzCustomLogger 07/24/2017 11:20:28 PM INFO otp_controller.py otp_controller index 45 Received request for index
ShypzCustomLogger 07/24/2017 11:20:28 PM INFO otp_controller.py otp_controller index 52 username is null setting to guest
ShypzCustomLogger 07/24/2017 11:56:07 PM INFO otp_controller.py otp_controller index 45 Received request for index
ShypzCustomLogger 07/24/2017 11:56:08 PM INFO otp_controller.py otp_controller index 45 Received request for index
ShypzCustomLogger 07/24/2017 11:56:08 PM INFO otp_controller.py otp_controller index 52 username is null setting to guest
ShypzCustomLogger 07/24/2017 11:56:11 PM INFO otp_controller.py otp_controller signup 61 Received request for signup
ShypzCustomLogger 07/24/2017 11:56:36 PM INFO shypzSender.py shypzSender send_message 26 Sent Message {'mobile': u'9739325635', 'message': u'Welcome Anubhav28 to Shypz your OTP is 759196 '}to Queue shypz_otp
ShypzCustomLogger 07/24/2017 11:56:50 PM INFO otp_controller.py otp_controller index 45 Received request for index
